PLINK v1.90b7.2 64-bit (11 Dec 2023)
Options in effect:
  --bfile target/EUR.QC
  --extract target/EUR.valid.snp
  --out target/EUR
  --q-score-range target/range_list target/SNP.pvalue
  --score base/Height.QC.Transformed 3 4 12 header

Hostname: DESKTOP-7P18709
Working directory: c:\Users\Sawyer\Documents\VSC Projects\ppi_py-main\examples
Start time: Thu Jul 11 17:30:44 2024

Random number seed: 1720733444
32682 MB RAM detected; reserving 16341 MB for main workspace.
540534 variants loaded from .bim file.
489 people (233 males, 256 females) loaded from .fam.
--extract: 193879 variants remaining.
Using 1 thread (no multithreaded calculations invoked).
Before main variant filters, 489 founders and 0 nonfounders present.
Calculating allele frequencies... done.
Total genotyping rate is exactly 1.
193879 variants and 489 people pass filters and QC.
Note: No phenotypes present.
Error: Line 2 of --score file has fewer tokens than expected.

End time: Thu Jul 11 17:30:44 2024
